<?xml version="1.0" encoding="UTF-8"?>
<!-- Generated by org.testng.reporters.JUnitReportReporter -->
<testsuite hostname="LAPTOP-DOBLN3AU" failures="0" tests="3" name="com.qa.sportyshoes.Tests.HomePageTest" time="10.938" errors="0" timestamp="2024-02-21T09:56:25 IST" skipped="0">
  <testcase classname="com.qa.sportyshoes.Tests.HomePageTest" name="start_browser" time="10.441"/>
  <system-out/>
  <testcase classname="com.qa.sportyshoes.Tests.HomePageTest" name="test_registerlink_method" time="0.474"/>
  <system-out/>
  <testcase classname="com.qa.sportyshoes.Tests.HomePageTest" name="test_getURL_method" time="0.023"/>
  <system-out/>
</testsuite> <!-- com.qa.sportyshoes.Tests.HomePageTest -->
