<?xml version="1.0" encoding="UTF-8"?>
<!-- Generated by org.testng.reporters.JUnitReportReporter -->
<testsuite hostname="LAPTOP-DOBLN3AU" failures="0" tests="7" name="com.qa.sportyshoes.Tests.ProductsTest" time="9.398" errors="0" timestamp="2024-02-21T10:59:47 IST" skipped="0">
  <testcase classname="com.qa.sportyshoes.Tests.ProductsTest" name="test_user_login" time="1.729"/>
  <system-out/>
  <testcase classname="com.qa.sportyshoes.Tests.ProductsTest" name="test_product_addtoCart" time="1.118"/>
  <system-out/>
  <testcase classname="com.qa.sportyshoes.Tests.ProductsTest" name="test_HomeBTN" time="1.586"/>
  <system-out/>
  <testcase classname="com.qa.sportyshoes.Tests.ProductsTest" name="test_CartBTN" time="1.221"/>
  <system-out/>
  <testcase classname="com.qa.sportyshoes.Tests.ProductsTest" name="test_placeorderBTN" time="1.084"/>
  <system-out/>
  <testcase classname="com.qa.sportyshoes.Tests.ProductsTest" name="test_orders" time="1.424"/>
  <system-out/>
  <testcase classname="com.qa.sportyshoes.Tests.ProductsTest" name="test_logout" time="1.236"/>
  <system-out/>
</testsuite> <!-- com.qa.sportyshoes.Tests.ProductsTest -->
