<?xml version="1.0" encoding="UTF-8"?>
<!-- Generated by org.testng.reporters.JUnitReportReporter -->
<testsuite hostname="LAPTOP-DOBLN3AU" failures="0" tests="1" name="com.qa.sportyshoes.Tests.LoginPageTest" time="6.819" errors="0" timestamp="2024-02-21T10:27:14 IST" skipped="0">
  <testcase classname="com.qa.sportyshoes.Tests.LoginPageTest" name="start_browser" time="6.819"/>
  <system-out/>
</testsuite> <!-- com.qa.sportyshoes.Tests.LoginPageTest -->
